An error occurred while executing the following cell:
------------------
import numpy as np
import matplotlib.pyplot as plt
from IPython import display

import jax
import jax.numpy as jnp  # JAX NumPy

try:
    import flax
except ModuleNotFoundError:
    %pip install -qq flax
    import flax
from flax import linen as nn  # The Linen API
from flax.training import train_state  # Useful dataclass to keep train state

try:
    import optax  # Optimizers
except ModuleNotFoundError:
    %pip install -qq optax
    import optax  # Optimizers
try:
    import tensorflow_datasets as tfds  # TFDS for Fashion MNIST
except ModuleNotFoundError:
    %pip install -qq tensorflow tensorflow_datasets
    import tensorflow_datasets as tfds  # TFDS for Fashion MNIST

import os
import functools
from typing import Tuple
------------------

---------------------------------------------------------------------------
ModuleNotFoundError                       Traceback (most recent call last)
/tmp/ipykernel_2981/3722993415.py in <module>
     21 try:
---> 22     import tensorflow_datasets as tfds  # TFDS for Fashion MNIST
     23 except ModuleNotFoundError:

~/miniconda3/envs/py37/lib/python3.7/site-packages/tensorflow_datasets/__init__.py in <module>
     42 # import tensorflow, too.
---> 43 from tensorflow_datasets.core import tf_compat
     44 tf_compat.ensure_tf_install()

~/miniconda3/envs/py37/lib/python3.7/site-packages/tensorflow_datasets/core/__init__.py in <module>
     21 
---> 22 tf_compat.ensure_tf_install()
     23 

~/miniconda3/envs/py37/lib/python3.7/site-packages/tensorflow_datasets/core/tf_compat.py in ensure_tf_install()
     47   try:
---> 48     import tensorflow as tf  # pylint: disable=import-outside-toplevel
     49   except ImportError:

~/miniconda3/envs/py37/lib/python3.7/site-packages/tensorflow/__init__.py in <module>
     36 
---> 37 from tensorflow.python.tools import module_util as _module_util
     38 from tensorflow.python.util.lazy_loader import LazyLoader as _LazyLoader

ModuleNotFoundError: No module named 'tensorflow.python.tools'

During handling of the above exception, another exception occurred:

ModuleNotFoundError                       Traceback (most recent call last)
/tmp/ipykernel_2981/3722993415.py in <module>
     23 except ModuleNotFoundError:
     24     get_ipython().run_line_magic('pip', 'install -qq tensorflow tensorflow_datasets')
---> 25     import tensorflow_datasets as tfds  # TFDS for Fashion MNIST
     26 
     27 import os

~/miniconda3/envs/py37/lib/python3.7/site-packages/tensorflow_datasets/__init__.py in <module>
     41 # needs to happen before anything else, since the imports below will try to
     42 # import tensorflow, too.
---> 43 from tensorflow_datasets.core import tf_compat
     44 tf_compat.ensure_tf_install()
     45 

~/miniconda3/envs/py37/lib/python3.7/site-packages/tensorflow_datasets/core/__init__.py in <module>
     24 # pylint:disable=g-import-not-at-top
     25 
---> 26 from tensorflow_datasets.core import community  # pylint: disable=g-bad-import-order
     27 from tensorflow_datasets.core.dataset_builder import BeamBasedBuilder
     28 from tensorflow_datasets.core.dataset_builder import BuilderConfig

~/miniconda3/envs/py37/lib/python3.7/site-packages/tensorflow_datasets/core/community/__init__.py in <module>
     16 """Community dataset API."""
     17 
---> 18 from tensorflow_datasets.core.community.huggingface_wrapper import mock_builtin_to_use_gfile
     19 from tensorflow_datasets.core.community.huggingface_wrapper import mock_huggingface_import
     20 from tensorflow_datasets.core.community.load import builder_cls_from_module

~/miniconda3/envs/py37/lib/python3.7/site-packages/tensorflow_datasets/core/community/huggingface_wrapper.py in <module>
     25 from unittest import mock
     26 
---> 27 import tensorflow as tf
     28 from tensorflow_datasets.core import dataset_builder
     29 from tensorflow_datasets.core import dataset_info

~/miniconda3/envs/py37/lib/python3.7/site-packages/tensorflow/__init__.py in <module>
     43 _tf2.enable()
     44 
---> 45 from ._api.v2 import __internal__
     46 from ._api.v2 import __operators__
     47 from ._api.v2 import audio

~/miniconda3/envs/py37/lib/python3.7/site-packages/tensorflow/_api/v2/__internal__/__init__.py in <module>
      6 import sys as _sys
      7 
----> 8 from . import autograph
      9 from . import decorator
     10 from . import dispatch

~/miniconda3/envs/py37/lib/python3.7/site-packages/tensorflow/_api/v2/__internal__/autograph/__init__.py in <module>
      6 import sys as _sys
      7 
----> 8 from tensorflow.python.autograph.core.ag_ctx import control_status_ctx
      9 from tensorflow.python.autograph.impl.api import tf_convert

~/miniconda3/envs/py37/lib/python3.7/site-packages/tensorflow/python/autograph/__init__.py in <module>
     31 
     32 # TODO(mdan): Bring only the relevant symbols to the top level.
---> 33 from tensorflow.python.autograph import operators
     34 from tensorflow.python.autograph import utils
     35 from tensorflow.python.autograph.core.converter import ConversionOptions

~/miniconda3/envs/py37/lib/python3.7/site-packages/tensorflow/python/autograph/operators/__init__.py in <module>
     34 # for some specializations of the operator.
     35 
---> 36 from tensorflow.python.autograph.operators.conditional_expressions import if_exp
     37 from tensorflow.python.autograph.operators.control_flow import for_stmt
     38 from tensorflow.python.autograph.operators.control_flow import if_stmt

~/miniconda3/envs/py37/lib/python3.7/site-packages/tensorflow/python/autograph/operators/conditional_expressions.py in <module>
     16 
     17 
---> 18 from tensorflow.python.autograph.operators import control_flow
     19 from tensorflow.python.autograph.utils import tensors
     20 from tensorflow.python.ops import control_flow_ops

~/miniconda3/envs/py37/lib/python3.7/site-packages/tensorflow/python/autograph/operators/control_flow.py in <module>
     62 import numpy as np
     63 
---> 64 from tensorflow.python.autograph.operators import py_builtins
     65 from tensorflow.python.autograph.operators import variables
     66 from tensorflow.python.autograph.utils import ag_logging

~/miniconda3/envs/py37/lib/python3.7/site-packages/tensorflow/python/autograph/operators/py_builtins.py in <module>
     24 import six
     25 
---> 26 from tensorflow.python.autograph.utils import py_func
     27 from tensorflow.python.autograph.utils import tensors
     28 from tensorflow.python.data.experimental.ops import cardinality

~/miniconda3/envs/py37/lib/python3.7/site-packages/tensorflow/python/autograph/utils/__init__.py in <module>
     15 """Utility module that contains APIs usable in the generated code."""
     16 
---> 17 from tensorflow.python.autograph.utils.context_managers import control_dependency_on_returns
     18 from tensorflow.python.autograph.utils.misc import alias_tensors
     19 from tensorflow.python.autograph.utils.py_func import wrap_py_func

~/miniconda3/envs/py37/lib/python3.7/site-packages/tensorflow/python/autograph/utils/context_managers.py in <module>
     17 import contextlib
     18 
---> 19 from tensorflow.python.framework import ops
     20 from tensorflow.python.ops import tensor_array_ops
     21 

~/miniconda3/envs/py37/lib/python3.7/site-packages/tensorflow/python/framework/ops.py in <module>
     27 from six.moves import map  # pylint: disable=redefined-builtin
     28 
---> 29 from tensorflow.core.framework import attr_value_pb2
     30 from tensorflow.core.framework import full_type_pb2
     31 from tensorflow.core.framework import function_pb2

ModuleNotFoundError: No module named 'tensorflow.core'
ModuleNotFoundError: No module named 'tensorflow.core'
